<?xml version="1.0" encoding="UTF-8"?>
<!-- Generated by org.testng.reporters.JUnitXMLReporter -->
<testsuite hostname="Surprise" name="Default test" tests="7" failures="1" timestamp="29 May 2014 08:38:56 GMT" time="11.526" errors="0">
  <testcase name="modifySomeContact" time="1.186" classname="com.example.tests.ContactRemovalTestNG"/>
  <testcase name="modifySomeGroup" time="1.532" classname="com.example.tests.GroupModificationTestNG"/>
  <testcase name="deleteSomeGroup" time="0.715" classname="com.example.tests.GroupRemovalTestNG"/>
  <testcase name="testContactCreation" time="1.6" classname="com.example.tests.ContactCreationTestNG"/>
  <testcase name="testGroupCreationEmpty" time="0.832" classname="com.example.tests.GroupCreationTestNG"/>
  <testcase name="testGroupCreationNotEmpty" time="0.95" classname="com.example.tests.GroupCreationTestNG"/>
  <testcase name="modifySomeContact" time="0.337" classname="com.example.tests.ContactModificationTestNG">
    <failure type="java.lang.NullPointerException">
      <![CDATA[java.lang.NullPointerException
	at org.openqa.selenium.support.ui.Select.escapeQuotes(Select.java:291)
	at org.openqa.selenium.support.ui.Select.selectByVisibleText(Select.java:112)
	at com.example.fw.HelperBase.selectByText(HelperBase.java:22)
	at com.example.fw.ContactHelper.editTable(ContactHelper.java:57)
	at com.example.tests.ContactModificationTestNG.modifySomeContact(ContactModificationTestNG.java:14)
	at sun.reflect.NativeMethodAccessorImpl.invoke0(Native Method)
	at sun.reflect.NativeMethodAccessorImpl.invoke(Unknown Source)
	at sun.reflect.DelegatingMethodAccessorImpl.invoke(Unknown Source)
	at java.lang.reflect.Method.invoke(Unknown Source)
	at org.testng.internal.MethodInvocationHelper.invokeMethod(MethodInvocationHelper.java:84)
	at org.testng.internal.Invoker.invokeMethod(Invoker.java:714)
	at org.testng.internal.Invoker.invokeTestMethod(Invoker.java:901)
	at org.testng.internal.Invoker.invokeTestMethods(Invoker.java:1231)
	at org.testng.internal.TestMethodWorker.invokeTestMethods(TestMethodWorker.java:127)
	at org.testng.internal.TestMethodWorker.run(TestMethodWorker.java:111)
	at org.testng.TestRunner.privateRun(TestRunner.java:767)
	at org.testng.TestRunner.run(TestRunner.java:617)
	at org.testng.SuiteRunner.runTest(SuiteRunner.java:334)
	at org.testng.SuiteRunner.runSequentially(SuiteRunner.java:329)
	at org.testng.SuiteRunner.privateRun(SuiteRunner.java:291)
	at org.testng.SuiteRunner.run(SuiteRunner.java:240)
	at org.testng.SuiteRunnerWorker.runSuite(SuiteRunnerWorker.java:52)
	at org.testng.SuiteRunnerWorker.run(SuiteRunnerWorker.java:86)
	at org.testng.TestNG.runSuitesSequentially(TestNG.java:1224)
	at org.testng.TestNG.runSuitesLocally(TestNG.java:1149)
	at org.testng.TestNG.run(TestNG.java:1057)
	at org.testng.remote.RemoteTestNG.run(RemoteTestNG.java:111)
	at org.testng.remote.RemoteTestNG.initAndRun(RemoteTestNG.java:204)
	at org.testng.remote.RemoteTestNG.main(RemoteTestNG.java:175)
]]>
    </failure>
  </testcase> <!-- modifySomeContact -->
</testsuite> <!-- Default test -->
