<?xml version="1.0" encoding="UTF-8"?>
<!-- Generated by org.testng.reporters.JUnitXMLReporter -->
<testsuite hostname="Surprise" name="Default test" tests="4" failures="0" timestamp="19 May 2014 11:20:32 GMT" time="9.216" errors="0">
  <testcase name="testContactCreation" time="2.617" classname="com.example.tests.ContactCreationTestNG"/>
  <testcase name="testGroupCreationEmpty" time="0.742" classname="com.example.tests.ContactCreationTestNG"/>
  <testcase name="testGroupCreationEmpty" time="0.94" classname="com.example.tests.GroupCreationTestNG"/>
  <testcase name="testGroupCreationNotEmpty" time="0.92" classname="com.example.tests.GroupCreationTestNG"/>
</testsuite> <!-- Default test -->
